This is pdfTeX, Version 3.141592653-2.6-1.40.26 (MiKTeX 24.4) (preloaded format=pdflatex 2025.4.29)  1 MAY 2025 09:27
entering extended mode
 restricted \write18 enabled.
 file:line:error style messages enabled.
 %&-line parsing enabled.
**"c:/Users/Estudios/Documents/VC_Projects/12vo_Semestre/R&D/LMModule/Robotics & Design_ Localization module anthology/main.tex"
(c:/Users/Estudios/Documents/VC_Projects/12vo_Semestre/R&D/LMModule/Robotics & Design_ Localization module anthology/main.tex
LaTeX2e <2023-11-01> patch level 1
L3 programming layer <2024-01-04>
(C:\Users\Estudios\AppData\Local\Programs\MiKTeX\tex/latex/base\article.cls
Document Class: article 2023/05/17 v1.4n Standard LaTeX document class
(C:\Users\Estudios\AppData\Local\Programs\MiKTeX\tex/latex/base\size10.clo
File: size10.clo 2023/05/17 v1.4n Standard LaTeX file (size option)
)
\c@part=\count187
\c@section=\count188
\c@subsection=\count189
\c@subsubsection=\count190
\c@paragraph=\count191
\c@subparagraph=\count192
\c@figure=\count193
\c@table=\count194
\abovecaptionskip=\skip48
\belowcaptionskip=\skip49
\bibindent=\dimen140
) (C:\Users\Estudios\AppData\Local\Programs\MiKTeX\tex/latex/base\inputenc.sty
Package: inputenc 2021/02/14 v1.3d Input encoding file
\inpenc@prehook=\toks17
\inpenc@posthook=\toks18
) (C:\Users\Estudios\AppData\Local\Programs\MiKTeX\tex/latex/graphics\graphicx.sty
Package: graphicx 2021/09/16 v1.2d Enhanced LaTeX Graphics (DPC,SPQR)
 (C:\Users\Estudios\AppData\Local\Programs\MiKTeX\tex/latex/graphics\keyval.sty
Package: keyval 2022/05/29 v1.15 key=value parser (DPC)
\KV@toks@=\toks19
) (C:\Users\Estudios\AppData\Local\Programs\MiKTeX\tex/latex/graphics\graphics.sty
Package: graphics 2022/03/10 v1.4e Standard LaTeX Graphics (DPC,SPQR)
 (C:\Users\Estudios\AppData\Local\Programs\MiKTeX\tex/latex/graphics\trig.sty
Package: trig 2021/08/11 v1.11 sin cos tan (DPC)
) (C:\Users\Estudios\AppData\Local\Programs\MiKTeX\tex/latex/graphics-cfg\graphics.cfg
File: graphics.cfg 2016/06/04 v1.11 sample graphics configuration
)
Package graphics Info: Driver file: pdftex.def on input line 107.
 (C:\Users\Estudios\AppData\Local\Programs\MiKTeX\tex/latex/graphics-def\pdftex.def
File: pdftex.def 2022/09/22 v1.2b Graphics/color driver for pdftex
))
\Gin@req@height=\dimen141
\Gin@req@width=\dimen142
) (C:\Users\Estudios\AppData\Local\Programs\MiKTeX\tex/latex/import\import.sty
Package: import 2020/04/01  v 6.2
) (C:\Users\Estudios\AppData\Local\Programs\MiKTeX\tex/latex/imakeidx\imakeidx.sty
Package: imakeidx 2016/10/15 v1.3e Package for typesetting indices in a synchronous mode
 (C:\Users\Estudios\AppData\Local\Programs\MiKTeX\tex/latex/xkeyval\xkeyval.sty
Package: xkeyval 2022/06/16 v2.9 package option processing (HA)
 (C:\Users\Estudios\AppData\Local\Programs\MiKTeX\tex/generic/xkeyval\xkeyval.tex (C:\Users\Estudios\AppData\Local\Programs\MiKTeX\tex/generic/xkeyval\xkvutils.tex
\XKV@toks=\toks20
\XKV@tempa@toks=\toks21
)
\XKV@depth=\count195
File: xkeyval.tex 2014/12/03 v2.7a key=value parser (HA)
)) (C:\Users\Estudios\AppData\Local\Programs\MiKTeX\tex/generic/iftex\ifxetex.sty
Package: ifxetex 2019/10/25 v0.7 ifxetex legacy package. Use iftex instead.
 (C:\Users\Estudios\AppData\Local\Programs\MiKTeX\tex/generic/iftex\iftex.sty
Package: iftex 2022/02/03 v1.0f TeX engine tests
)) (C:\Users\Estudios\AppData\Local\Programs\MiKTeX\tex/generic/iftex\ifluatex.sty
Package: ifluatex 2019/10/25 v1.5 ifluatex legacy package. Use iftex instead.
) (C:\Users\Estudios\AppData\Local\Programs\MiKTeX\tex/latex/tools\multicol.sty
Package: multicol 2023/03/30 v1.9f multicolumn formatting (FMi)
\c@tracingmulticols=\count196
\mult@box=\box51
\multicol@leftmargin=\dimen143
\c@unbalance=\count197
\c@collectmore=\count198
\doublecol@number=\count199
\multicoltolerance=\count266
\multicolpretolerance=\count267
\full@width=\dimen144
\page@free=\dimen145
\premulticols=\dimen146
\postmulticols=\dimen147
\multicolsep=\skip50
\multicolbaselineskip=\skip51
\partial@page=\box52
\last@line=\box53
\mc@boxedresult=\box54
\maxbalancingoverflow=\dimen148
\mult@rightbox=\box55
\mult@grightbox=\box56
\mult@firstbox=\box57
\mult@gfirstbox=\box58
\@tempa=\box59
\@tempa=\box60
\@tempa=\box61
\@tempa=\box62
\@tempa=\box63
\@tempa=\box64
\@tempa=\box65
\@tempa=\box66
\@tempa=\box67
\@tempa=\box68
\@tempa=\box69
\@tempa=\box70
\@tempa=\box71
\@tempa=\box72
\@tempa=\box73
\@tempa=\box74
\@tempa=\box75
\@tempa=\box76
\@tempa=\box77
\@tempa=\box78
\@tempa=\box79
\@tempa=\box80
\@tempa=\box81
\@tempa=\box82
\@tempa=\box83
\@tempa=\box84
\@tempa=\box85
\@tempa=\box86
\@tempa=\box87
\@tempa=\box88
\@tempa=\box89
\@tempa=\box90
\@tempa=\box91
\@tempa=\box92
\@tempa=\box93
\@tempa=\box94
\c@minrows=\count268
\c@columnbadness=\count269
\c@finalcolumnbadness=\count270
\last@try=\dimen149
\multicolovershoot=\dimen150
\multicolundershoot=\dimen151
\mult@nat@firstbox=\box95
\colbreak@box=\box96
\mc@col@check@num=\count271
)) (C:\Users\Estudios\AppData\Local\Programs\MiKTeX\tex/latex/amsmath\amsmath.sty
Package: amsmath 2023/05/13 v2.17o AMS math features
\@mathmargin=\skip52

For additional information on amsmath, use the `?' option.
(C:\Users\Estudios\AppData\Local\Programs\MiKTeX\tex/latex/amsmath\amstext.sty
Package: amstext 2021/08/26 v2.01 AMS text
 (C:\Users\Estudios\AppData\Local\Programs\MiKTeX\tex/latex/amsmath\amsgen.sty
File: amsgen.sty 1999/11/30 v2.0 generic functions
\@emptytoks=\toks22
\ex@=\dimen152
)) (C:\Users\Estudios\AppData\Local\Programs\MiKTeX\tex/latex/amsmath\amsbsy.sty
Package: amsbsy 1999/11/29 v1.2d Bold Symbols
\pmbraise@=\dimen153
) (C:\Users\Estudios\AppData\Local\Programs\MiKTeX\tex/latex/amsmath\amsopn.sty
Package: amsopn 2022/04/08 v2.04 operator names
)
\inf@bad=\count272
LaTeX Info: Redefining \frac on input line 234.
\uproot@=\count273
\leftroot@=\count274
LaTeX Info: Redefining \overline on input line 399.
LaTeX Info: Redefining \colon on input line 410.
\classnum@=\count275
\DOTSCASE@=\count276
LaTeX Info: Redefining \ldots on input line 496.
LaTeX Info: Redefining \dots on input line 499.
LaTeX Info: Redefining \cdots on input line 620.
\Mathstrutbox@=\box97
\strutbox@=\box98
LaTeX Info: Redefining \big on input line 722.
LaTeX Info: Redefining \Big on input line 723.
LaTeX Info: Redefining \bigg on input line 724.
LaTeX Info: Redefining \Bigg on input line 725.
\big@size=\dimen154
LaTeX Font Info:    Redeclaring font encoding OML on input line 743.
LaTeX Font Info:    Redeclaring font encoding OMS on input line 744.
\macc@depth=\count277
LaTeX Info: Redefining \bmod on input line 905.
LaTeX Info: Redefining \pmod on input line 910.
LaTeX Info: Redefining \smash on input line 940.
LaTeX Info: Redefining \relbar on input line 970.
LaTeX Info: Redefining \Relbar on input line 971.
\c@MaxMatrixCols=\count278
\dotsspace@=\muskip16
\c@parentequation=\count279
\dspbrk@lvl=\count280
\tag@help=\toks23
\row@=\count281
\column@=\count282
\maxfields@=\count283
\andhelp@=\toks24
\eqnshift@=\dimen155
\alignsep@=\dimen156
\tagshift@=\dimen157
\tagwidth@=\dimen158
\totwidth@=\dimen159
\lineht@=\dimen160
\@envbody=\toks25
\multlinegap=\skip53
\multlinetaggap=\skip54
\mathdisplay@stack=\toks26
LaTeX Info: Redefining \[ on input line 2953.
LaTeX Info: Redefining \] on input line 2954.
) (C:\Users\Estudios\AppData\Local\Programs\MiKTeX\tex/latex/amsfonts\amssymb.sty
Package: amssymb 2013/01/14 v3.01 AMS font symbols
 (C:\Users\Estudios\AppData\Local\Programs\MiKTeX\tex/latex/amsfonts\amsfonts.sty
Package: amsfonts 2013/01/14 v3.01 Basic AMSFonts support
\symAMSa=\mathgroup4
\symAMSb=\mathgroup5
LaTeX Font Info:    Redeclaring math symbol \hbar on input line 98.
LaTeX Font Info:    Overwriting math alphabet `\mathfrak' in version `bold'
(Font)                  U/euf/m/n --> U/euf/b/n on input line 106.
)) (C:\Users\Estudios\AppData\Local\Programs\MiKTeX\tex/latex/pdfpages\pdfpages.sty
Package: pdfpages 2025/03/12 v0.6f Insert pages of external PDF documents (AM)
 (C:\Users\Estudios\AppData\Local\Programs\MiKTeX\tex/latex/base\ifthen.sty
Package: ifthen 2022/04/13 v1.1d Standard LaTeX ifthen package (DPC)
) (C:\Users\Estudios\AppData\Local\Programs\MiKTeX\tex/latex/tools\calc.sty
Package: calc 2023/07/08 v4.3 Infix arithmetic (KKT,FJ)
\calc@Acount=\count284
\calc@Bcount=\count285
\calc@Adimen=\dimen161
\calc@Bdimen=\dimen162
\calc@Askip=\skip55
\calc@Bskip=\skip56
LaTeX Info: Redefining \setlength on input line 80.
LaTeX Info: Redefining \addtolength on input line 81.
\calc@Ccount=\count286
\calc@Cskip=\skip57
) (C:\Users\Estudios\AppData\Local\Programs\MiKTeX\tex/latex/eso-pic\eso-pic.sty
Package: eso-pic 2023/05/03 v3.0c eso-pic (RN)
\ESO@tempdima=\dimen163
\ESO@tempdimb=\dimen164
 (C:\Users\Estudios\AppData\Local\Programs\MiKTeX\tex/latex/xcolor\xcolor.sty
Package: xcolor 2023/11/15 v3.01 LaTeX color extensions (UK)
 (C:\Users\Estudios\AppData\Local\Programs\MiKTeX\tex/latex/graphics-cfg\color.cfg
File: color.cfg 2016/01/02 v1.6 sample color configuration
)
Package xcolor Info: Driver file: pdftex.def on input line 274.
 (C:\Users\Estudios\AppData\Local\Programs\MiKTeX\tex/latex/graphics\mathcolor.ltx)
Package xcolor Info: Model `cmy' substituted by `cmy0' on input line 1350.
Package xcolor Info: Model `hsb' substituted by `rgb' on input line 1354.
Package xcolor Info: Model `RGB' extended on input line 1366.
Package xcolor Info: Model `HTML' substituted by `rgb' on input line 1368.
Package xcolor Info: Model `Hsb' substituted by `hsb' on input line 1369.
Package xcolor Info: Model `tHsb' substituted by `hsb' on input line 1370.
Package xcolor Info: Model `HSB' substituted by `hsb' on input line 1371.
Package xcolor Info: Model `Gray' substituted by `gray' on input line 1372.
Package xcolor Info: Model `wave' substituted by `hsb' on input line 1373.
)) (C:\Users\Estudios\AppData\Local\Programs\MiKTeX\tex/latex/etoolbox\etoolbox.sty
Package: etoolbox 2020/10/05 v2.5k e-TeX tools for LaTeX (JAW)
\etb@tempcnta=\count287
)
\AM@pagewidth=\dimen165
\AM@pageheight=\dimen166
\AM@fboxrule=\dimen167
 (C:\Users\Estudios\AppData\Local\Programs\MiKTeX\tex/latex/pdfpages\pppdftex.def
File: pppdftex.def 2025/03/12 v0.6f Pdfpages driver for pdfTeX (AM)
)
\pdfpages@includegraphics@status=\count288
\AM@pagebox=\box99
\AM@global@opts=\toks27
\AM@pagecnt=\count289
\AM@toc@title=\toks28
\AM@lof@heading=\toks29
\c@AM@survey=\count290
\AM@templatesizebox=\box100
) (C:\Users\Estudios\AppData\Local\Programs\MiKTeX\tex/latex/tools\array.sty
Package: array 2023/10/16 v2.5g Tabular extension package (FMi)
\col@sep=\dimen168
\ar@mcellbox=\box101
\extrarowheight=\dimen169
\NC@list=\toks30
\extratabsurround=\skip58
\backup@length=\skip59
\ar@cellbox=\box102
) (C:\Users\Estudios\AppData\Local\Programs\MiKTeX\tex/latex/float\float.sty
Package: float 2001/11/08 v1.3d Float enhancements (AL)
\c@float@type=\count291
\float@exts=\toks31
\float@box=\box103
\@float@everytoks=\toks32
\@floatcapt=\box104
) (C:\Users\Estudios\AppData\Local\Programs\MiKTeX\tex/latex/listings\listings.sty
\lst@mode=\count292
\lst@gtempboxa=\box105
\lst@token=\toks33
\lst@length=\count293
\lst@currlwidth=\dimen170
\lst@column=\count294
\lst@pos=\count295
\lst@lostspace=\dimen171
\lst@width=\dimen172
\lst@newlines=\count296
\lst@lineno=\count297
\lst@maxwidth=\dimen173
 (C:\Users\Estudios\AppData\Local\Programs\MiKTeX\tex/latex/listings\lstmisc.sty
File: lstmisc.sty 2023/02/27 1.9 (Carsten Heinz)
\c@lstnumber=\count298
\lst@skipnumbers=\count299
\lst@framebox=\box106
) (C:\Users\Estudios\AppData\Local\Programs\MiKTeX\tex/latex/listings\listings.cfg
File: listings.cfg 2023/02/27 1.9 listings configuration
))
Package: listings 2023/02/27 1.9 (Carsten Heinz)
 (C:\Users\Estudios\AppData\Local\Programs\MiKTeX\tex/latex/url\url.sty
\Urlmuskip=\muskip17
Package: url 2013/09/16  ver 3.4  Verb mode for urls, etc.
) (C:\Users\Estudios\AppData\Local\Programs\MiKTeX\tex/latex/natbib\natbib.sty
Package: natbib 2010/09/13 8.31b (PWD, AO)
\bibhang=\skip60
\bibsep=\skip61
LaTeX Info: Redefining \cite on input line 694.
\c@NAT@ctr=\count300
) (C:\Users\Estudios\AppData\Local\Programs\MiKTeX\tex/latex/csquotes\csquotes.sty
Package: csquotes 2024-04-04 v5.2o context-sensitive quotations (JAW)
\csq@reset=\count301
\csq@gtype=\count302
\csq@glevel=\count303
\csq@qlevel=\count304
\csq@maxlvl=\count305
\csq@tshold=\count306
\csq@ltx@everypar=\toks34
 (C:\Users\Estudios\AppData\Local\Programs\MiKTeX\tex/latex/csquotes\csquotes.def
File: csquotes.def 2024-04-04 v5.2o csquotes generic definitions (JAW)
)
Package csquotes Info: Trying to load configuration file 'csquotes.cfg'...
Package csquotes Info: ... configuration file loaded successfully.
 (C:\Users\Estudios\AppData\Local\Programs\MiKTeX\tex/latex/csquotes\csquotes.cfg
File: csquotes.cfg 
)) (C:\Users\Estudios\AppData\Local\Programs\MiKTeX\tex/latex/caption\caption.sty
Package: caption 2023/08/05 v3.6o Customizing captions (AR)
 (C:\Users\Estudios\AppData\Local\Programs\MiKTeX\tex/latex/caption\caption3.sty
Package: caption3 2023/07/31 v2.4d caption3 kernel (AR)
\caption@tempdima=\dimen174
\captionmargin=\dimen175
\caption@leftmargin=\dimen176
\caption@rightmargin=\dimen177
\caption@width=\dimen178
\caption@indent=\dimen179
\caption@parindent=\dimen180
\caption@hangindent=\dimen181
Package caption Info: Standard document class detected.
)
\c@caption@flags=\count307
\c@continuedfloat=\count308
Package caption Info: float package is loaded.
Package caption Info: listings package is loaded.
) (C:\Users\Estudios\AppData\Local\Programs\MiKTeX\tex/latex/geometry\geometry.sty
Package: geometry 2020/01/02 v5.9 Page Geometry
 (C:\Users\Estudios\AppData\Local\Programs\MiKTeX\tex/generic/iftex\ifvtex.sty
Package: ifvtex 2019/10/25 v1.7 ifvtex legacy package. Use iftex instead.
)
\Gm@cnth=\count309
\Gm@cntv=\count310
\c@Gm@tempcnt=\count311
\Gm@bindingoffset=\dimen182
\Gm@wd@mp=\dimen183
\Gm@odd@mp=\dimen184
\Gm@even@mp=\dimen185
\Gm@layoutwidth=\dimen186
\Gm@layoutheight=\dimen187
\Gm@layouthoffset=\dimen188
\Gm@layoutvoffset=\dimen189
\Gm@dimlist=\toks35
 (C:\Users\Estudios\AppData\Local\Programs\MiKTeX\tex/latex/geometry\geometry.cfg))
Package csquotes Info: Checking for multilingual support...
Package csquotes Info: ... none found.
 (C:\Users\Estudios\AppData\Local\Programs\MiKTeX\tex/latex/l3backend\l3backend-pdftex.def
File: l3backend-pdftex.def 2024-01-04 L3 backend support: PDF output (pdfTeX)
\l__color_backend_stack_int=\count312
\l__pdf_internal_box=\box107
) (main.aux)
\openout1 = `main.aux'.

LaTeX Font Info:    Checking defaults for OML/cmm/m/it on input line 24.
LaTeX Font Info:    ... okay on input line 24.
LaTeX Font Info:    Checking defaults for OMS/cmsy/m/n on input line 24.
LaTeX Font Info:    ... okay on input line 24.
LaTeX Font Info:    Checking defaults for OT1/cmr/m/n on input line 24.
LaTeX Font Info:    ... okay on input line 24.
LaTeX Font Info:    Checking defaults for T1/cmr/m/n on input line 24.
LaTeX Font Info:    ... okay on input line 24.
LaTeX Font Info:    Checking defaults for TS1/cmr/m/n on input line 24.
LaTeX Font Info:    ... okay on input line 24.
LaTeX Font Info:    Checking defaults for OMX/cmex/m/n on input line 24.
LaTeX Font Info:    ... okay on input line 24.
LaTeX Font Info:    Checking defaults for U/cmr/m/n on input line 24.
LaTeX Font Info:    ... okay on input line 24.
 (C:\Users\Estudios\AppData\Local\Programs\MiKTeX\tex/context/base/mkii\supp-pdf.mkii
[Loading MPS to PDF converter (version 2006.09.02).]
\scratchcounter=\count313
\scratchdimen=\dimen190
\scratchbox=\box108
\nofMPsegments=\count314
\nofMParguments=\count315
\everyMPshowfont=\toks36
\MPscratchCnt=\count316
\MPscratchDim=\dimen191
\MPnumerator=\count317
\makeMPintoPDFobject=\count318
\everyMPtoPDFconversion=\toks37
) (C:\Users\Estudios\AppData\Local\Programs\MiKTeX\tex/latex/epstopdf-pkg\epstopdf-base.sty
Package: epstopdf-base 2020-01-24 v2.11 Base part for package epstopdf
Package epstopdf-base Info: Redefining graphics rule for `.eps' on input line 485.
 (C:\Users\Estudios\AppData\Local\Programs\MiKTeX\tex/latex/00miktex\epstopdf-sys.cfg
File: epstopdf-sys.cfg 2021/03/18 v2.0 Configuration of epstopdf for MiKTeX
)) (C:\Users\Estudios\AppData\Local\Programs\MiKTeX\tex/latex/pdflscape\pdflscape.sty
Package: pdflscape 2022-10-27 v0.13 Display of landscape pages in PDF
 (C:\Users\Estudios\AppData\Local\Programs\MiKTeX\tex/latex/pdflscape\pdflscape-nometadata.sty
Package: pdflscape-nometadata 2022-10-28 v0.13 Display of landscape pages in PDF (HO)
 (C:\Users\Estudios\AppData\Local\Programs\MiKTeX\tex/latex/graphics\lscape.sty
Package: lscape 2020/05/28 v3.02 Landscape Pages (DPC)
)
Package pdflscape Info: Auto-detected driver: pdftex on input line 81.
))
\c@lstlisting=\count319
Package caption Info: Begin \AtBeginDocument code.
Package caption Info: End \AtBeginDocument code.

*geometry* driver: auto-detecting
*geometry* detected driver: pdftex
*geometry* verbose mode - [ preamble ] result:
* driver: pdftex
* paper: <default>
* layout: <same size as paper>
* layoutoffset:(h,v)=(0.0pt,0.0pt)
* modes: 
* h-part:(L,W,R)=(56.9055pt, 500.484pt, 56.9055pt)
* v-part:(T,H,B)=(71.13188pt, 652.70622pt, 71.13188pt)
* \paperwidth=614.295pt
* \paperheight=794.96999pt
* \textwidth=500.484pt
* \textheight=652.70622pt
* \oddsidemargin=-15.36449pt
* \evensidemargin=-15.36449pt
* \topmargin=-38.1381pt
* \headheight=12.0pt
* \headsep=25.0pt
* \topskip=10.0pt
* \footskip=30.0pt
* \marginparwidth=65.0pt
* \marginparsep=11.0pt
* \columnsep=10.0pt
* \skip\footins=9.0pt plus 4.0pt minus 2.0pt
* \hoffset=0.0pt
* \voffset=0.0pt
* \mag=1000
* \@twocolumnfalse
* \@twosidefalse
* \@mparswitchfalse
* \@reversemarginfalse
* (1in=72.27pt=25.4mm, 1cm=28.453pt)

(./cover.tex
<./photos/polimiLogo.png, id=1, 1612.0225pt x 449.68pt>
File: ./photos/polimiLogo.png Graphic file (type png)
<use ./photos/polimiLogo.png>
Package pdftex.def Info: ./photos/polimiLogo.png  used on input line 7.
(pdftex.def)             Requested size: 450.43253pt x 125.64879pt.
 [1


{C:/Users/Estudios/AppData/Local/MiKTeX/fonts/map/pdftex/pdftex.map} <./photos/polimiLogo.png>]) (main.toc
LaTeX Font Info:    Trying to load font information for U+msa on input line 2.
 (C:\Users\Estudios\AppData\Local\Programs\MiKTeX\tex/latex/amsfonts\umsa.fd
File: umsa.fd 2013/01/14 v3.01 AMS symbols A
)
LaTeX Font Info:    Trying to load font information for U+msb on input line 2.
 (C:\Users\Estudios\AppData\Local\Programs\MiKTeX\tex/latex/amsfonts\umsb.fd
File: umsb.fd 2013/01/14 v3.01 AMS symbols B
) [1])
\tf@toc=\write3
\openout3 = `main.toc'.

 [2] [3] (main.bbl) [4]
<photos/flowchart.jpeg, id=25, 418.56375pt x 1426.32875pt>
File: photos/flowchart.jpeg Graphic file (type jpg)
<use photos/flowchart.jpeg>
Package pdftex.def Info: photos/flowchart.jpeg  used on input line 80.
(pdftex.def)             Requested size: 175.17244pt x 596.92113pt.

Overfull \vbox (16.03429pt too high) has occurred while \output is active []

 [5 <./photos/flowchart.jpeg>] [6]
<photos/omnirob.png, id=40, 346.72392pt x 262.40894pt>
File: photos/omnirob.png Graphic file (type png)
<use photos/omnirob.png>
Package pdftex.def Info: photos/omnirob.png  used on input line 232.
(pdftex.def)             Requested size: 300.29344pt x 227.26888pt.

Underfull \hbox (badness 10000) in paragraph at lines 238--242

 []


Underfull \hbox (badness 2042) in paragraph at lines 243--244
[]\OT1/cmr/m/n/10 An om-ni-di-rec-tional robot comes with its
 []


Underfull \hbox (badness 5607) in paragraph at lines 243--244
\OT1/cmr/m/n/10 pa-per-board pro-to-type, Pro-fes-sor Romero
 []


Underfull \hbox (badness 1205) in paragraph at lines 243--244
\OT1/cmr/m/n/10 raised con-cerns about sta-bil-ity and wheel
 []


Underfull \hbox (badness 10000) in paragraph at lines 243--244

 []


Overfull \hbox (2.2222pt too wide) in paragraph at lines 229--246
[]  [] 
 []

[7] [8 <./photos/omnirob.png>]
<technical_drawings/base_robot_tavola.pdf, id=48, 597.50829pt x 845.0471pt>
File: technical_drawings/base_robot_tavola.pdf Graphic file (type pdf)
<use technical_drawings/base_robot_tavola.pdf>
Package pdftex.def Info: technical_drawings/base_robot_tavola.pdf  used on input line 262.
(pdftex.def)             Requested size: 450.43253pt x 637.04605pt.

Overfull \vbox (60.03421pt too high) has occurred while \output is active []

 [9 <./technical_drawings/base_robot_tavola.pdf>]
<technical_drawings/12_piccolo sopra.pdf, id=69, 597.50829pt x 845.0471pt>
File: technical_drawings/12_piccolo sopra.pdf Graphic file (type pdf)
<use technical_drawings/12_piccolo sopra.pdf>
Package pdftex.def Info: technical_drawings/12_piccolo sopra.pdf  used on input line 270.
(pdftex.def)             Requested size: 450.43253pt x 637.04605pt.

Overfull \vbox (6.33983pt too high) has occurred while \output is active []

 [10 <./technical_drawings/12_piccolo sopra.pdf>]
<technical_drawings/mattone_sopra.pdf, id=90, 597.50829pt x 845.0471pt>
File: technical_drawings/mattone_sopra.pdf Graphic file (type pdf)
<use technical_drawings/mattone_sopra.pdf>
Package pdftex.def Info: technical_drawings/mattone_sopra.pdf  used on input line 278.
(pdftex.def)             Requested size: 450.43253pt x 637.04605pt.

Overfull \vbox (6.33983pt too high) has occurred while \output is active []

 [11 <./technical_drawings/mattone_sopra.pdf>]
<technical_drawings/colonna.pdf, id=111, 597.50829pt x 845.0471pt>
File: technical_drawings/colonna.pdf Graphic file (type pdf)
<use technical_drawings/colonna.pdf>
Package pdftex.def Info: technical_drawings/colonna.pdf  used on input line 286.
(pdftex.def)             Requested size: 450.43253pt x 637.04605pt.

Overfull \vbox (6.33983pt too high) has occurred while \output is active []

 [12 <./technical_drawings/colonna.pdf>]
<technical_drawings/12_grande.pdf, id=133, 597.50829pt x 845.0471pt>
File: technical_drawings/12_grande.pdf Graphic file (type pdf)
<use technical_drawings/12_grande.pdf>
Package pdftex.def Info: technical_drawings/12_grande.pdf  used on input line 294.
(pdftex.def)             Requested size: 450.43253pt x 637.04605pt.

Overfull \vbox (6.33983pt too high) has occurred while \output is active []

 [13 <./technical_drawings/12_grande.pdf>]
<technical_drawings/mattone_sotto.pdf, id=154, 597.50829pt x 845.0471pt>
File: technical_drawings/mattone_sotto.pdf Graphic file (type pdf)
<use technical_drawings/mattone_sotto.pdf>
Package pdftex.def Info: technical_drawings/mattone_sotto.pdf  used on input line 302.
(pdftex.def)             Requested size: 450.43253pt x 637.04605pt.

Overfull \vbox (6.33983pt too high) has occurred while \output is active []

 [14 <./technical_drawings/mattone_sotto.pdf>]
<technical_drawings/12_base.pdf, id=175, 597.50829pt x 845.0471pt>
File: technical_drawings/12_base.pdf Graphic file (type pdf)
<use technical_drawings/12_base.pdf>
Package pdftex.def Info: technical_drawings/12_base.pdf  used on input line 310.
(pdftex.def)             Requested size: 450.43253pt x 637.04605pt.

Overfull \vbox (6.33983pt too high) has occurred while \output is active []

 [15 <./technical_drawings/12_base.pdf>]
Underfull \hbox (badness 10000) in paragraph at lines 322--322
[]|\OT1/cmr/bx/n/10 Density
 []


Underfull \hbox (badness 10000) in paragraph at lines 322--322
[]|\OT1/cmr/bx/n/10 Cost
 []


Underfull \hbox (badness 10000) in paragraph at lines 324--324
[]|\OT1/cmr/m/n/10 MDF (Medium
 []


Underfull \hbox (badness 10000) in paragraph at lines 324--324
\OT1/cmr/m/n/10 Den-sity Fiber-
 []


Underfull \hbox (badness 10000) in paragraph at lines 327--327
[]|\OT1/cmr/m/n/10 PLA (Poly-lac-tic
 []


Underfull \hbox (badness 10000) in paragraph at lines 329--329
[]|\OT1/cmr/m/n/10 Titanium Al-loy
 []

[16]
Underfull \hbox (badness 10000) in paragraph at lines 345--348

 []


Underfull \hbox (badness 10000) in paragraph at lines 349--351

 []

<photos/wheel.jpg, id=200, 220.825pt x 220.825pt>
File: photos/wheel.jpg Graphic file (type jpg)
<use photos/wheel.jpg>
Package pdftex.def Info: photos/wheel.jpg  used on input line 355.
(pdftex.def)             Requested size: 160.15303pt x 160.15971pt.

Underfull \hbox (badness 10000) in paragraph at lines 360--361

 []


Underfull \hbox (badness 10000) in paragraph at lines 362--363

 []


Overfull \hbox (2.2222pt too wide) in paragraph at lines 352--364
[]  [] 
 []


Underfull \hbox (badness 10000) in paragraph at lines 365--366

 []

[17 <./photos/wheel.jpg>]
<photos/dc-motor-diagram.jpg, id=204, 1124.70187pt x 800.23969pt>
File: photos/dc-motor-diagram.jpg Graphic file (type jpg)
<use photos/dc-motor-diagram.jpg>
Package pdftex.def Info: photos/dc-motor-diagram.jpg  used on input line 388.
(pdftex.def)             Requested size: 350.33727pt x 249.26839pt.
 [18 <./photos/dc-motor-diagram.jpg>] [19] [20] [21]

pdfTeX warning: pdflatex (file ./pfds/IL_schema.pdf): PDF inclusion: found PDF version <1.7>, but at most version <1.5> allowed
<pfds/IL_schema.pdf, id=218, 845.07724pt x 597.55246pt>
File: pfds/IL_schema.pdf Graphic file (type pdf)
<use pfds/IL_schema.pdf>
Package pdftex.def Info: pfds/IL_schema.pdf  used on input line 428.
(pdftex.def)             Requested size: 495.48189pt x 350.35547pt.
[22 <./pfds/IL_schema.pdf>] [23] (C:\Users\Estudios\AppData\Local\Programs\MiKTeX\tex/latex/listings\lstlang1.sty
File: lstlang1.sty 2023/02/27 1.9 listings language file
) (C:\Users\Estudios\AppData\Local\Programs\MiKTeX\tex/latex/listings\lstmisc.sty
File: lstmisc.sty 2023/02/27 1.9 (Carsten Heinz)
)
LaTeX Font Info:    Font shape `OT1/cmtt/bx/n' in size <8> not available
(Font)              Font shape `OT1/cmtt/m/n' tried instead on input line 441.
 [24] [25] [26] [27] [28] [29] [30] [31] [32] [33] [34]
<photos/1.jpg, id=268, 963.6pt x 1284.8pt>
File: photos/1.jpg Graphic file (type jpg)
<use photos/1.jpg>
Package pdftex.def Info: photos/1.jpg  used on input line 1140.
(pdftex.def)             Requested size: 225.21626pt x 300.28127pt.
<photos/3.jpg, id=269, 963.6pt x 1284.8pt>
File: photos/3.jpg Graphic file (type jpg)
<use photos/3.jpg>
Package pdftex.def Info: photos/3.jpg  used on input line 1143.
(pdftex.def)             Requested size: 225.21626pt x 300.28127pt.
<photos/2.jpg, id=270, 963.6pt x 1284.8pt>
File: photos/2.jpg Graphic file (type jpg)
<use photos/2.jpg>
Package pdftex.def Info: photos/2.jpg  used on input line 1149.
(pdftex.def)             Requested size: 225.21626pt x 300.28127pt.
<photos/4.jpg, id=271, 963.6pt x 1284.8pt>
File: photos/4.jpg Graphic file (type jpg)
<use photos/4.jpg>
Package pdftex.def Info: photos/4.jpg  used on input line 1152.
(pdftex.def)             Requested size: 225.21626pt x 300.28127pt.

Overfull \hbox (2.2222pt too wide) in paragraph at lines 1137--1155
[]  [] 
 []


Overfull \vbox (19.75906pt too high) has occurred while \output is active []

 [35 <./photos/1.jpg> <./photos/3.jpg> <./photos/2.jpg> <./photos/4.jpg>]
<photos/5.jpg, id=275, 963.6pt x 1284.8pt>
File: photos/5.jpg Graphic file (type jpg)
<use photos/5.jpg>
Package pdftex.def Info: photos/5.jpg  used on input line 1161.
(pdftex.def)             Requested size: 225.21626pt x 300.28127pt.
<photos/9.jpg, id=276, 963.6pt x 1284.8pt>
File: photos/9.jpg Graphic file (type jpg)
<use photos/9.jpg>
Package pdftex.def Info: photos/9.jpg  used on input line 1164.
(pdftex.def)             Requested size: 225.21626pt x 300.28127pt.
<photos/6.jpg, id=277, 963.6pt x 1284.8pt>
File: photos/6.jpg Graphic file (type jpg)
<use photos/6.jpg>
Package pdftex.def Info: photos/6.jpg  used on input line 1170.
(pdftex.def)             Requested size: 225.21626pt x 300.28127pt.
<photos/dani_fixing_robot.jpeg, id=278, 723.45282pt x 904.1278pt>
File: photos/dani_fixing_robot.jpeg Graphic file (type jpg)
<use photos/dani_fixing_robot.jpeg>
Package pdftex.def Info: photos/dani_fixing_robot.jpeg  used on input line 1173.
(pdftex.def)             Requested size: 225.21626pt x 281.46317pt.

Overfull \hbox (2.2222pt too wide) in paragraph at lines 1157--1176
[]  [] 
 []

[36 <./photos/5.jpg> <./photos/9.jpg> <./photos/6.jpg> <./photos/dani_fixing_robot.jpeg>] [37] [38] [39] [40] [41] [42] [43] [44] (main.aux)
 ***********
LaTeX2e <2023-11-01> patch level 1
L3 programming layer <2024-01-04>
 ***********
 ) 
Here is how much of TeX's memory you used:
 10335 strings out of 474486
 164839 string characters out of 5742339
 2012542 words of memory out of 5000000
 32482 multiletter control sequences out of 15000+600000
 563729 words of font info for 58 fonts, out of 8000000 for 9000
 1141 hyphenation exceptions out of 8191
 69i,11n,117p,1083b,1741s stack positions out of 10000i,1000n,20000p,200000b,200000s
 <C:\Users\Estudios\AppData\Local\MiKTeX\fonts/pk/ljfour/jknappen/ec/dpi600\tcbx1000.pk> <C:\Users\Estudios\AppData\Local\MiKTeX\fonts/pk/ljfour/jknappen/ec/dpi600\tcrm1000.pk><C:/Users/Estudios/AppData/Local/Programs/MiKTeX/fonts/type1/public/amsfonts/cm/cmbx10.pfb><C:/Users/Estudios/AppData/Local/Programs/MiKTeX/fonts/type1/public/amsfonts/cm/cmbx12.pfb><C:/Users/Estudios/AppData/Local/Programs/MiKTeX/fonts/type1/public/amsfonts/cm/cmex10.pfb><C:/Users/Estudios/AppData/Local/Programs/MiKTeX/fonts/type1/public/amsfonts/cm/cmitt10.pfb><C:/Users/Estudios/AppData/Local/Programs/MiKTeX/fonts/type1/public/amsfonts/cm/cmmi10.pfb><C:/Users/Estudios/AppData/Local/Programs/MiKTeX/fonts/type1/public/amsfonts/cm/cmmi7.pfb><C:/Users/Estudios/AppData/Local/Programs/MiKTeX/fonts/type1/public/amsfonts/cm/cmr10.pfb><C:/Users/Estudios/AppData/Local/Programs/MiKTeX/fonts/type1/public/amsfonts/cm/cmr7.pfb><C:/Users/Estudios/AppData/Local/Programs/MiKTeX/fonts/type1/public/amsfonts/cm/cmsy10.pfb><C:/Users/Estudios/AppData/Local/Programs/MiKTeX/fonts/type1/public/amsfonts/cm/cmsy7.pfb><C:/Users/Estudios/AppData/Local/Programs/MiKTeX/fonts/type1/public/amsfonts/cm/cmti10.pfb><C:/Users/Estudios/AppData/Local/Programs/MiKTeX/fonts/type1/public/amsfonts/cm/cmtt10.pfb><C:/Users/Estudios/AppData/Local/Programs/MiKTeX/fonts/type1/public/amsfonts/cm/cmtt8.pfb>
Output written on main.pdf (45 pages, 2800788 bytes).
PDF statistics:
 374 PDF objects out of 1000 (max. 8388607)
 0 named destinations out of 1000 (max. 500000)
 106 words of extra memory for PDF output out of 10000 (max. 10000000)

